timestamp: 2021-05-25T09:23:52.268512
CREATE TABLE "py4web_session"(
    "id" INTEGER PRIMARY KEY AUTOINCREMENT,
    "rkey" CHAR(512),
    "rvalue" TEXT,
    "expiration" INTEGER,
    "created_on" TIMESTAMP,
    "expires_on" TIMESTAMP
);
success!
timestamp: 2021-05-25T09:23:52.283512
CREATE TABLE "auth_user"(
    "id" INTEGER PRIMARY KEY AUTOINCREMENT,
    "email" CHAR(512) UNIQUE,
    "password" CHAR(512),
    "first_name" CHAR(512),
    "last_name" CHAR(512),
    "sso_id" CHAR(512),
    "action_token" CHAR(512),
    "last_password_change" TIMESTAMP,
    "past_passwords_hash" TEXT
);
success!
timestamp: 2021-05-25T09:23:52.291513
CREATE TABLE "auth_user_tag_groups"(
    "id" INTEGER PRIMARY KEY AUTOINCREMENT,
    "path" CHAR(512),
    "record_id" INTEGER REFERENCES "auth_user" ("id") ON DELETE CASCADE  
);
success!
timestamp: 2021-05-25T09:23:52.481512
CREATE TABLE "users"(
    "id" INTEGER PRIMARY KEY AUTOINCREMENT,
    "email" CHAR(512),
    "name" CHAR(512),
    "social_elo" INTEGER,
    "region" CHAR(512),
    "microphone" CHAR(1),
    "dob" CHAR(512)
);
success!
timestamp: 2021-06-04T14:18:43.272789
CREATE TABLE "lobbies"(
    "id" INTEGER PRIMARY KEY AUTOINCREMENT,
    "leader" CHAR(512),
    "bio" CHAR(512),
    "player1" CHAR(512),
    "player2" CHAR(512),
    "player3" CHAR(512),
    "player4" CHAR(512),
    "rank" CHAR(512),
    "region" CHAR(512),
    "playstyle" CHAR(512),
    "microphone" CHAR(512)
);
success!
timestamp: 2021-06-05T03:41:02.047145
CREATE TABLE "user_info"(
    "id" INTEGER PRIMARY KEY AUTOINCREMENT,
    "player" INTEGER REFERENCES "users" ("id") ON DELETE CASCADE  ,
    "region" CHAR(512),
    "valorant_rank" CHAR(512),
    "valorant_ign" CHAR(512)
);
success!
timestamp: 2021-06-05T04:06:03.522696
CREATE TABLE "player_info"(
    "id" INTEGER PRIMARY KEY AUTOINCREMENT,
    "player_id" INTEGER REFERENCES "auth_user" ("id") ON DELETE CASCADE  ,
    "region" CHAR(512),
    "valorant_rank" CHAR(512),
    "valorant_ign" CHAR(512)
);
success!
timestamp: 2021-06-05T18:29:51.359436
CREATE TABLE "profiles"(
    "id" INTEGER PRIMARY KEY AUTOINCREMENT,
    "user" INTEGER REFERENCES "auth_user" ("id") ON DELETE CASCADE  ,
    "region" CHAR(512),
    "bio" CHAR(512),
    "mic" CHAR(1),
    "tiltproof" INTEGER,
    "leader" INTEGER,
    "fun" INTEGER,
    "communicative" INTEGER
);
success!
timestamp: 2021-06-05T18:29:51.367437
CREATE TABLE "game_data"(
    "id" INTEGER PRIMARY KEY AUTOINCREMENT,
    "profile" INTEGER REFERENCES "profiles" ("id") ON DELETE CASCADE  ,
    "game" CHAR(512),
    "gamertag" CHAR(512),
    "rank" CHAR(512)
);
success!
